<?xml version="1.0" encoding="UTF-8"?>
<testsuite xmlns:xsi="http://www.w3.org/2001/XMLSchema-instance" xsi:noNamespaceSchemaLocation="https://maven.apache.org/surefire/maven-surefire-plugin/xsd/surefire-test-report.xsd" version="3.0.2" name="cucumberOptions.TestRunner" time="4.153" tests="1" errors="0" skipped="0" failures="0">
  <properties>
[...]
</properties>
  <testcase name="Deleting a location on a map" classname="Google Maps API Mockup" time="3.966">
    <system-out><![CDATA[
@GMaps @DeletePlace
Scenario: Deleting a location on a map                  &amp#27;[90m# src/test/java/featureFiles/placeValidations.feature:60&amp#27;[0m
Im in hook
pace id was null
i_call_with_post_http_request
delete method
  &amp#27;[32mGiven &amp#27;[0m&amp#27;[32mI have delete location payload&amp#27;[0m                  &amp#27;[90m# stepDefinitions.StepDefinitions.i_have_delete_location_payload()&amp#27;[0m
  &amp#27;[32mWhen &amp#27;[0m&amp#27;[32mI call &amp#27;[0m&amp#27;[32m&amp#27;[1m"deletePlaceAPI"&amp#27;[0m&amp#27;[32m with &amp#27;[0m&amp#27;[32m&amp#27;[1m"POST"&amp#27;[0m&amp#27;[32m HTTP request&amp#27;[0m &amp#27;[90m# stepDefinitions.StepDefinitions.i_call_with_http_request(java.lang.String,java.lang.String)&amp#27;[0m
  &amp#27;[32mThen &amp#27;[0m&amp#27;[32mI get success message with status code &amp#27;[0m&amp#27;[32m&amp#27;[1m200&amp#27;[0m       &amp#27;[90m# stepDefinitions.StepDefinitions.i_get_success_message_with_status_code(java.lang.Integer)&amp#27;[0m
  &amp#27;[32mAnd &amp#27;[0m&amp#27;[32mvalue of &amp#27;[0m&amp#27;[32m&amp#27;[1m"status"&amp#27;[0m&amp#27;[32m in response body is &amp#27;[0m&amp#27;[32m&amp#27;[1m"OK"&amp#27;[0m        &amp#27;[90m# stepDefinitions.StepDefinitions.value_of_in_response_body_is(java.lang.String,java.lang.String)&amp#27;[0m
]]></system-out>
    <system-err><![CDATA[SLF4J: No SLF4J providers were found.
SLF4J: Defaulting to no-operation (NOP) logger implementation
SLF4J: See https://www.slf4j.org/codes.html#noProviders for further details.
]]></system-err>
  </testcase>
</testsuite>