<?xml version="1.0" encoding="UTF-8"?>
<testng-results ignored="0" total="1" passed="1" failed="0" skipped="0">
  <reporter-output>
  </reporter-output>
  <suite started-at="2024-12-06T18:51:48 IST" name="Default suite" finished-at="2024-12-06T18:51:49 IST" duration-ms="1888">
    <groups>
    </groups>
    <test started-at="2024-12-06T18:51:48 IST" name="Default test" finished-at="2024-12-06T18:51:49 IST" duration-ms="1888">
      <class name="apiTesting.MyTest">
        <test-method signature="testStaticJSON()[pri:0, instance:apiTesting.MyTest@6e6f2380]" started-at="2024-12-06T18:51:48 IST" name="testStaticJSON" finished-at="2024-12-06T18:51:49 IST" duration-ms="1848" status="PASS">
          <reporter-output>
          </reporter-output>
        </test-method> <!-- testStaticJSON -->
      </class> <!-- apiTesting.MyTest -->
    </test> <!-- Default test -->
  </suite> <!-- Default suite -->
</testng-results>
